<?xml version="1.0" encoding="UTF-8"?>
<testng-results ignored="0" total="1" passed="1" failed="0" skipped="0">
  <reporter-output>
  </reporter-output>
  <suite started-at="2023-04-21T16:29:56Z" name="Default suite" finished-at="2023-04-21T16:30:09Z" duration-ms="13206">
    <groups>
    </groups>
    <test started-at="2023-04-21T16:29:56Z" name="Default test" finished-at="2023-04-21T16:30:09Z" duration-ms="13206">
      <class name="RMWTestcases.searchFunctionTest">
        <test-method is-config="true" signature="setup()[pri:0, instance:RMWTestcases.searchFunctionTest@3561c410]" started-at="2023-04-21T16:29:56Z" name="setup" finished-at="2023-04-21T16:30:06Z" duration-ms="10177" status="PASS">
          <reporter-output>
          </reporter-output>
        </test-method> <!-- setup -->
        <test-method signature="SearchFunctionData()[pri:0, instance:RMWTestcases.searchFunctionTest@3561c410]" started-at="2023-04-21T16:30:06Z" name="SearchFunctionData" finished-at="2023-04-21T16:30:09Z" duration-ms="3009" status="PASS">
          <reporter-output>
          </reporter-output>
        </test-method> <!-- SearchFunctionData -->
      </class> <!-- RMWTestcases.searchFunctionTest -->
    </test> <!-- Default test -->
  </suite> <!-- Default suite -->
</testng-results>
